launcher/build/intermediates/manifest_merge_blame_file/debug/manifest-merger-blame-debug-report.txt
1<?xml version="1.0" encoding="utf-8"?>
2<manifest xmlns:android="http://schemas.android.com/apk/res/android"
3    package="com.thalentadeha.ARplane"
4    android:installLocation="preferExternal"
5    android:versionCode="1"
6    android:versionName="1" >
7
8    <uses-sdk
9        android:minSdkVersion="26"
9-->src\main\AndroidManifest.xml
10        android:targetSdkVersion="30" />
10-->src\main\AndroidManifest.xml
11
12    <supports-screens
12-->src\main\AndroidManifest.xml:3:3-163
13        android:anyDensity="true"
13-->src\main\AndroidManifest.xml:3:135-160
14        android:largeScreens="true"
14-->src\main\AndroidManifest.xml:3:78-105
15        android:normalScreens="true"
15-->src\main\AndroidManifest.xml:3:49-77
16        android:smallScreens="true"
16-->src\main\AndroidManifest.xml:3:21-48
17        android:xlargeScreens="true" />
17-->src\main\AndroidManifest.xml:3:106-134
18
19    <uses-permission android:name="android.permission.CAMERA" />
19-->[:unityLibrary] AndroidManifest.xml:19:5-65
19-->[:unityLibrary] AndroidManifest.xml:19:22-62
20    <uses-permission android:name="android.permission.WRITE_EXTERNAL_STORAGE" />
20-->[:unityLibrary] AndroidManifest.xml:20:5-81
20-->[:unityLibrary] AndroidManifest.xml:20:22-78
21    <uses-permission android:name="android.permission.INTERNET" />
21-->[:unityLibrary] AndroidManifest.xml:21:5-67
21-->[:unityLibrary] AndroidManifest.xml:21:22-64
22    <uses-permission android:name="android.permission.RECORD_AUDIO" />
22-->[:unityLibrary] AndroidManifest.xml:22:5-71
22-->[:unityLibrary] AndroidManifest.xml:22:22-68
23
24    <uses-feature android:glEsVersion="0x00030000" />
24-->[:unityLibrary] AndroidManifest.xml:24:5-54
24-->[:unityLibrary] AndroidManifest.xml:24:19-51
25    <uses-feature
25-->[:unityLibrary] AndroidManifest.xml:25:5-27:36
26        android:name="android.hardware.vulkan.version"
26-->[:unityLibrary] AndroidManifest.xml:26:9-55
27        android:required="false" />
27-->[:unityLibrary] AndroidManifest.xml:27:9-33
28    <uses-feature
28-->[:unityLibrary] AndroidManifest.xml:28:5-30:36
29        android:name="android.hardware.touchscreen"
29-->[:unityLibrary] AndroidManifest.xml:29:9-52
30        android:required="false" />
30-->[:unityLibrary] AndroidManifest.xml:30:9-33
31    <uses-feature
31-->[:unityLibrary] AndroidManifest.xml:31:5-33:36
32        android:name="android.hardware.touchscreen.multitouch"
32-->[:unityLibrary] AndroidManifest.xml:32:9-63
33        android:required="false" />
33-->[:unityLibrary] AndroidManifest.xml:33:9-33
34    <uses-feature
34-->[:unityLibrary] AndroidManifest.xml:34:5-36:36
35        android:name="android.hardware.touchscreen.multitouch.distinct"
35-->[:unityLibrary] AndroidManifest.xml:35:9-72
36        android:required="false" />
36-->[:unityLibrary] AndroidManifest.xml:36:9-33
37
38    <application
38-->src\main\AndroidManifest.xml:4:3-83
39        android:debuggable="true"
39-->[:unityLibrary] AndroidManifest.xml:39:9-34
40        android:extractNativeLibs="true"
40-->[:unityLibrary] AndroidManifest.xml:40:9-41
41        android:icon="@mipmap/app_icon"
41-->src\main\AndroidManifest.xml:4:49-80
42        android:label="@string/app_name" >
42-->src\main\AndroidManifest.xml:4:16-48
43        <activity
43-->[:unityLibrary] AndroidManifest.xml:43:9-60:20
44            android:name="com.unity3d.player.UnityPlayerActivity"
44-->[:unityLibrary] AndroidManifest.xml:44:13-66
45            android:configChanges="mcc|mnc|locale|touchscreen|keyboard|keyboardHidden|navigation|orientation|screenLayout|uiMode|screenSize|smallestScreenSize|fontScale|layoutDirection|density"
45-->[:unityLibrary] AndroidManifest.xml:45:13-194
46            android:hardwareAccelerated="false"
46-->[:unityLibrary] AndroidManifest.xml:46:13-48
47            android:label="@string/app_name"
47-->[:unityLibrary] AndroidManifest.xml:47:13-45
48            android:launchMode="singleTask"
48-->[:unityLibrary] AndroidManifest.xml:48:13-44
49            android:resizeableActivity="false"
49-->[:unityLibrary] AndroidManifest.xml:49:13-47
50            android:screenOrientation="fullUser" >
50-->[:unityLibrary] AndroidManifest.xml:50:13-49
51            <intent-filter>
51-->[:unityLibrary] AndroidManifest.xml:51:13-55:29
52                <action android:name="android.intent.action.MAIN" />
52-->[:unityLibrary] AndroidManifest.xml:52:17-69
52-->[:unityLibrary] AndroidManifest.xml:52:25-66
53
54                <category android:name="android.intent.category.LAUNCHER" />
54-->[:unityLibrary] AndroidManifest.xml:54:17-77
54-->[:unityLibrary] AndroidManifest.xml:54:27-74
55            </intent-filter>
56
57            <meta-data
57-->[:unityLibrary] AndroidManifest.xml:57:13-59:40
58                android:name="android.notch_support"
58-->[:unityLibrary] AndroidManifest.xml:58:17-53
59                android:value="true" />
59-->[:unityLibrary] AndroidManifest.xml:59:17-37
60        </activity>
61        <activity
61-->[:unityLibrary] AndroidManifest.xml:61:9-67:80
62            android:name="com.google.ar.core.InstallActivity"
62-->[:unityLibrary] AndroidManifest.xml:62:13-62
63            android:configChanges="keyboardHidden|orientation|screenSize"
63-->[:unityLibrary] AndroidManifest.xml:63:13-74
64            android:excludeFromRecents="true"
64-->[:unityLibrary] AndroidManifest.xml:64:13-46
65            android:exported="false"
65-->[:unityLibrary] AndroidManifest.xml:65:13-37
66            android:launchMode="singleTop"
66-->[:unityLibrary] AndroidManifest.xml:66:13-43
67            android:theme="@android:style/Theme.Material.Light.Dialog.Alert" />
67-->[:unityLibrary] AndroidManifest.xml:67:13-77
68
69        <meta-data
69-->[:unityLibrary] AndroidManifest.xml:69:9-71:36
70            android:name="unityplayer.SkipPermissionsDialog"
70-->[:unityLibrary] AndroidManifest.xml:70:13-61
71            android:value="true" />
71-->[:unityLibrary] AndroidManifest.xml:71:13-33
72        <meta-data
72-->[:unityLibrary] AndroidManifest.xml:72:9-74:40
73            android:name="com.google.ar.core"
73-->[:unityLibrary] AndroidManifest.xml:73:13-46
74            android:value="optional" />
74-->[:unityLibrary] AndroidManifest.xml:74:13-37
75        <meta-data
75-->[:unityLibrary] AndroidManifest.xml:75:9-77:41
76            android:name="com.google.ar.core.min_apk_version"
76-->[:unityLibrary] AndroidManifest.xml:76:13-62
77            android:value="181012000" />
77-->[:unityLibrary] AndroidManifest.xml:77:13-38
78        <meta-data
78-->[:unityLibrary] AndroidManifest.xml:78:9-80:33
79            android:name="unity.splash-mode"
79-->[:unityLibrary] AndroidManifest.xml:79:13-45
80            android:value="0" />
80-->[:unityLibrary] AndroidManifest.xml:80:13-30
81        <meta-data
81-->[:unityLibrary] AndroidManifest.xml:81:9-83:36
82            android:name="unity.splash-enable"
82-->[:unityLibrary] AndroidManifest.xml:82:13-47
83            android:value="True" />
83-->[:unityLibrary] AndroidManifest.xml:83:13-33
84        <meta-data
84-->[:unityLibrary] AndroidManifest.xml:84:9-86:36
85            android:name="unity.launch-fullscreen"
85-->[:unityLibrary] AndroidManifest.xml:85:13-51
86            android:value="True" />
86-->[:unityLibrary] AndroidManifest.xml:86:13-33
87        <meta-data
87-->[:unityLibrary] AndroidManifest.xml:87:9-89:37
88            android:name="unity.allow-resizable-window"
88-->[:unityLibrary] AndroidManifest.xml:88:13-56
89            android:value="False" />
89-->[:unityLibrary] AndroidManifest.xml:89:13-34
90        <meta-data
90-->[:unityLibrary] AndroidManifest.xml:90:9-92:50
91            android:name="notch.config"
91-->[:unityLibrary] AndroidManifest.xml:91:13-40
92            android:value="portrait|landscape" />
92-->[:unityLibrary] AndroidManifest.xml:92:13-47
93        <meta-data
93-->[:unityLibrary] AndroidManifest.xml:93:9-95:36
94            android:name="unity.auto-report-fully-drawn"
94-->[:unityLibrary] AndroidManifest.xml:94:13-57
95            android:value="true" />
95-->[:unityLibrary] AndroidManifest.xml:95:13-33
96    </application>
97
98</manifest>